<?xml version="1.0" encoding="UTF-8"?>
<!-- Generated by org.testng.reporters.JUnitReportReporter -->
<testsuite hostname="8d52bd2578db" failures="0" tests="20" name="com.vinsguru.tests.flightreservation.FlightReservationTest" time="80.542" errors="0" timestamp="2025-04-08T13:06:56 GMT" skipped="0">
  <testcase classname="com.vinsguru.tests.flightreservation.FlightReservationTest" name="userRegistrationTest" time="10.144"/>
  <testcase classname="com.vinsguru.tests.flightreservation.FlightReservationTest" name="userRegistrationTest" time="10.765"/>
  <testcase classname="com.vinsguru.tests.flightreservation.FlightReservationTest" name="registrationConfirmationTest" time="3.510"/>
  <testcase classname="com.vinsguru.tests.flightreservation.FlightReservationTest" name="flightsSelectionTest" time="1.505"/>
  <testcase classname="com.vinsguru.tests.flightreservation.FlightReservationTest" name="flightsSearchTest" time="3.301"/>
  <testcase classname="com.vinsguru.tests.flightreservation.FlightReservationTest" name="userRegistrationTest" time="10.366"/>
  <testcase classname="com.vinsguru.tests.flightreservation.FlightReservationTest" name="flightReservationConfirmationTest" time="1.072"/>
  <testcase classname="com.vinsguru.tests.flightreservation.FlightReservationTest" name="flightsSearchTest" time="1.552"/>
  <testcase classname="com.vinsguru.tests.flightreservation.FlightReservationTest" name="flightsSearchTest" time="2.151"/>
  <testcase classname="com.vinsguru.tests.flightreservation.FlightReservationTest" name="flightReservationConfirmationTest" time="1.678"/>
  <testcase classname="com.vinsguru.tests.flightreservation.FlightReservationTest" name="flightsSelectionTest" time="3.014"/>
  <testcase classname="com.vinsguru.tests.flightreservation.FlightReservationTest" name="registrationConfirmationTest" time="1.235"/>
  <testcase classname="com.vinsguru.tests.flightreservation.FlightReservationTest" name="registrationConfirmationTest" time="4.149"/>
  <testcase classname="com.vinsguru.tests.flightreservation.FlightReservationTest" name="flightsSelectionTest" time="2.349"/>
  <testcase classname="com.vinsguru.tests.flightreservation.FlightReservationTest" name="flightReservationConfirmationTest" time="1.312"/>
  <testcase classname="com.vinsguru.tests.flightreservation.FlightReservationTest" name="flightReservationConfirmationTest" time="1.917"/>
  <testcase classname="com.vinsguru.tests.flightreservation.FlightReservationTest" name="userRegistrationTest" time="13.009"/>
  <testcase classname="com.vinsguru.tests.flightreservation.FlightReservationTest" name="registrationConfirmationTest" time="3.530"/>
  <testcase classname="com.vinsguru.tests.flightreservation.FlightReservationTest" name="flightsSelectionTest" time="1.444"/>
  <testcase classname="com.vinsguru.tests.flightreservation.FlightReservationTest" name="flightsSearchTest" time="2.539"/>
</testsuite> <!-- com.vinsguru.tests.flightreservation.FlightReservationTest -->
